[11-Jan-2025 09:49:41 UTC] PHP Parse error:  syntax error, unexpected token "{", expecting "]" in /var/www/html/api/home.php on line 5
[11-Jan-2025 09:54:24 UTC] PHP Deprecated:  Creation of dynamic property Home::$pdo is deprecated in /var/www/html/api/home.php on line 13
[11-Jan-2025 09:59:41 UTC] PHP Warning:  Undefined variable $conn in /var/www/html/api/home.php on line 15
[11-Jan-2025 09:59:41 UTC] PHP Fatal error:  Uncaught Error: Call to a member function setAttribute() on null in /var/www/html/functions/Utils.php:19
Stack trace:
#0 /var/www/html/api/home.php(15): RunQuery(NULL, 'select * from u...', Array)
#1 /var/www/html/index.php(43): Home->welcome(Array, NULL)
#2 /var/www/html/index.php(34): handleRequest(Array, 'GET', '/', NULL, Array)
#3 {main}
  thrown in /var/www/html/functions/Utils.php on line 19
[11-Jan-2025 10:00:07 UTC] PHP Warning:  Undefined variable $conn in /var/www/html/api/home.php on line 15
[11-Jan-2025 10:00:07 UTC] PHP Fatal error:  Uncaught Error: Call to a member function setAttribute() on null in /var/www/html/functions/Utils.php:19
Stack trace:
#0 /var/www/html/api/home.php(15): RunQuery(NULL, 'select * from u...', Array)
#1 /var/www/html/index.php(43): Home->welcome(Array, NULL)
#2 /var/www/html/index.php(34): handleRequest(Array, 'GET', '/', NULL, Array)
#3 {main}
  thrown in /var/www/html/functions/Utils.php on line 19
[11-Jan-2025 10:00:08 UTC] PHP Warning:  Undefined variable $conn in /var/www/html/api/home.php on line 15
[11-Jan-2025 10:00:08 UTC] PHP Fatal error:  Uncaught Error: Call to a member function setAttribute() on null in /var/www/html/functions/Utils.php:19
Stack trace:
#0 /var/www/html/api/home.php(15): RunQuery(NULL, 'select * from u...', Array)
#1 /var/www/html/index.php(43): Home->welcome(Array, NULL)
#2 /var/www/html/index.php(34): handleRequest(Array, 'GET', '/', NULL, Array)
#3 {main}
  thrown in /var/www/html/functions/Utils.php on line 19
[11-Jan-2025 10:00:08 UTC] PHP Warning:  Undefined variable $conn in /var/www/html/api/home.php on line 15
[11-Jan-2025 10:00:08 UTC] PHP Fatal error:  Uncaught Error: Call to a member function setAttribute() on null in /var/www/html/functions/Utils.php:19
Stack trace:
#0 /var/www/html/api/home.php(15): RunQuery(NULL, 'select * from u...', Array)
#1 /var/www/html/index.php(43): Home->welcome(Array, NULL)
#2 /var/www/html/index.php(34): handleRequest(Array, 'GET', '/', NULL, Array)
#3 {main}
  thrown in /var/www/html/functions/Utils.php on line 19
[11-Jan-2025 10:00:09 UTC] PHP Warning:  Undefined variable $conn in /var/www/html/api/home.php on line 15
[11-Jan-2025 10:00:09 UTC] PHP Fatal error:  Uncaught Error: Call to a member function setAttribute() on null in /var/www/html/functions/Utils.php:19
Stack trace:
#0 /var/www/html/api/home.php(15): RunQuery(NULL, 'select * from u...', Array)
#1 /var/www/html/index.php(43): Home->welcome(Array, NULL)
#2 /var/www/html/index.php(34): handleRequest(Array, 'GET', '/', NULL, Array)
#3 {main}
  thrown in /var/www/html/functions/Utils.php on line 19
[11-Jan-2025 10:00:27 UTC] PHP Warning:  Undefined variable $conn in /var/www/html/api/home.php on line 15
[11-Jan-2025 10:00:27 UTC] PHP Fatal error:  Uncaught Error: Call to a member function setAttribute() on null in /var/www/html/functions/Utils.php:19
Stack trace:
#0 /var/www/html/api/home.php(15): RunQuery(NULL, 'select * from u...', Array)
#1 /var/www/html/index.php(43): Home->welcome(Array, NULL)
#2 /var/www/html/index.php(34): handleRequest(Array, 'GET', '/', NULL, Array)
#3 {main}
  thrown in /var/www/html/functions/Utils.php on line 19
[11-Jan-2025 10:01:44 UTC] PHP Fatal error:  Uncaught PDOException: SQLSTATE[42S02]: Base table or view not found: 1146 Table 'testdb.users' doesn't exist in /var/www/html/functions/Utils.php:21
Stack trace:
#0 /var/www/html/functions/Utils.php(21): PDO->prepare('select * from u...')
#1 /var/www/html/api/home.php(19): RunQuery(Object(PDO), 'select * from u...', Array)
#2 /var/www/html/index.php(43): Home->welcome(Array, NULL)
#3 /var/www/html/index.php(34): handleRequest(Array, 'GET', '/', NULL, Array)
#4 {main}
  thrown in /var/www/html/functions/Utils.php on line 21
[11-Jan-2025 10:01:44 UTC] PHP Fatal error:  Uncaught PDOException: SQLSTATE[42S02]: Base table or view not found: 1146 Table 'testdb.users' doesn't exist in /var/www/html/functions/Utils.php:21
Stack trace:
#0 /var/www/html/functions/Utils.php(21): PDO->prepare('select * from u...')
#1 /var/www/html/api/home.php(19): RunQuery(Object(PDO), 'select * from u...', Array)
#2 /var/www/html/index.php(43): Home->welcome(Array, NULL)
#3 /var/www/html/index.php(34): handleRequest(Array, 'GET', '/', NULL, Array)
#4 {main}
  thrown in /var/www/html/functions/Utils.php on line 21
[11-Jan-2025 10:01:45 UTC] PHP Fatal error:  Uncaught PDOException: SQLSTATE[42S02]: Base table or view not found: 1146 Table 'testdb.users' doesn't exist in /var/www/html/functions/Utils.php:21
Stack trace:
#0 /var/www/html/functions/Utils.php(21): PDO->prepare('select * from u...')
#1 /var/www/html/api/home.php(19): RunQuery(Object(PDO), 'select * from u...', Array)
#2 /var/www/html/index.php(43): Home->welcome(Array, NULL)
#3 /var/www/html/index.php(34): handleRequest(Array, 'GET', '/', NULL, Array)
#4 {main}
  thrown in /var/www/html/functions/Utils.php on line 21
[11-Jan-2025 10:01:45 UTC] PHP Fatal error:  Uncaught PDOException: SQLSTATE[42S02]: Base table or view not found: 1146 Table 'testdb.users' doesn't exist in /var/www/html/functions/Utils.php:21
Stack trace:
#0 /var/www/html/functions/Utils.php(21): PDO->prepare('select * from u...')
#1 /var/www/html/api/home.php(19): RunQuery(Object(PDO), 'select * from u...', Array)
#2 /var/www/html/index.php(43): Home->welcome(Array, NULL)
#3 /var/www/html/index.php(34): handleRequest(Array, 'GET', '/', NULL, Array)
#4 {main}
  thrown in /var/www/html/functions/Utils.php on line 21
[11-Jan-2025 10:02:15 UTC] PHP Fatal error:  Uncaught Error: Call to undefined function RunQuery2() in /var/www/html/api/home.php:19
Stack trace:
#0 /var/www/html/index.php(43): Home->welcome(Array, NULL)
#1 /var/www/html/index.php(34): handleRequest(Array, 'GET', '/', NULL, Array)
#2 {main}
  thrown in /var/www/html/api/home.php on line 19
[11-Jan-2025 10:02:18 UTC] PHP Fatal error:  Uncaught Error: Call to undefined function RunQuery2() in /var/www/html/api/home.php:19
Stack trace:
#0 /var/www/html/index.php(43): Home->welcome(Array, NULL)
#1 /var/www/html/index.php(34): handleRequest(Array, 'GET', '/', NULL, Array)
#2 {main}
  thrown in /var/www/html/api/home.php on line 19
[11-Jan-2025 10:07:41 UTC] PHP Parse error:  syntax error, unexpected token ";", expecting ")" in /var/www/html/api/home.php on line 19
[11-Jan-2025 10:07:44 UTC] PHP Parse error:  syntax error, unexpected token ";", expecting ")" in /var/www/html/api/home.php on line 19
[11-Jan-2025 10:07:44 UTC] PHP Parse error:  syntax error, unexpected token ";", expecting ")" in /var/www/html/api/home.php on line 19
[11-Jan-2025 10:07:44 UTC] PHP Parse error:  syntax error, unexpected token ";", expecting ")" in /var/www/html/api/home.php on line 19
